# JRE version: OpenJDK Runtime Environment (11.0.8+10) (build 11.0.8+10-b944.6842174)
# Java VM: OpenJDK 64-Bit Server VM (11.0.8+10-b944.6842174, mixed mode, tiered, compressed oops, g1 gc, windows-amd64)
Heap:
 garbage-first heap   total 1029120K, used 321024K [0x0000000080000000, 0x0000000100000000)
  region size 1024K, 7 young (7168K), 7 survivors (7168K)
 Metaspace       used 94686K, capacity 96887K, committed 97152K, reserved 1132544K
  class space    used 12301K, capacity 13100K, committed 13184K, reserved 1048576K
GC Heap History (20 events):
Event: 17.630 GC heap after
{Heap after GC invocations=31 (full 0):
 garbage-first heap   total 203776K, used 157206K [0x0000000080000000, 0x0000000100000000)
  region size 1024K, 3 young (3072K), 3 survivors (3072K)
 Metaspace       used 92118K, capacity 94259K, committed 94464K, reserved 1130496K
  class space    used 11874K, capacity 12673K, committed 12800K, reserved 1048576K
}
Event: 17.720 GC heap before
{Heap before GC invocations=31 (full 0):
 garbage-first heap   total 203776K, used 172566K [0x0000000080000000, 0x0000000100000000)
  region size 1024K, 19 young (19456K), 3 survivors (3072K)
 Metaspace       used 92118K, capacity 94259K, committed 94464K, reserved 1130496K
  class space    used 11874K, capacity 12673K, committed 12800K, reserved 1048576K
}
Event: 17.728 GC heap after
{Heap after GC invocations=32 (full 0):
 garbage-first heap   total 203776K, used 162681K [0x0000000080000000, 0x0000000100000000)
  region size 1024K, 3 young (3072K), 3 survivors (3072K)
 Metaspace       used 92118K, capacity 94259K, committed 94464K, reserved 1130496K
  class space    used 11874K, capacity 12673K, committed 12800K, reserved 1048576K
}
Event: 17.820 GC heap before
{Heap before GC invocations=32 (full 0):
 garbage-first heap   total 203776K, used 173945K [0x0000000080000000, 0x0000000100000000)
  region size 1024K, 15 young (15360K), 3 survivors (3072K)
 Metaspace       used 92118K, capacity 94259K, committed 94464K, reserved 1130496K
  class space    used 11874K, capacity 12673K, committed 12800K, reserved 1048576K
}
Event: 17.830 GC heap after
{Heap after GC invocations=33 (full 0):
 garbage-first heap   total 250880K, used 165435K [0x0000000080000000, 0x0000000100000000)
  region size 1024K, 2 young (2048K), 2 survivors (2048K)
 Metaspace       used 92118K, capacity 94259K, committed 94464K, reserved 1130496K
  class space    used 11874K, capacity 12673K, committed 12800K, reserved 1048576K
}
Event: 17.941 GC heap before
{Heap before GC invocations=34 (full 0):
 garbage-first heap   total 250880K, used 178747K [0x0000000080000000, 0x0000000100000000)
  region size 1024K, 17 young (17408K), 2 survivors (2048K)
 Metaspace       used 92261K, capacity 94395K, committed 94720K, reserved 1130496K
  class space    used 11880K, capacity 12674K, committed 12800K, reserved 1048576K
}
Event: 17.952 GC heap after
{Heap after GC invocations=35 (full 0):
 garbage-first heap   total 250880K, used 169627K [0x0000000080000000, 0x0000000100000000)
  region size 1024K, 4 young (4096K), 4 survivors (4096K)
 Metaspace       used 92261K, capacity 94395K, committed 94720K, reserved 1130496K
  class space    used 11880K, capacity 12674K, committed 12800K, reserved 1048576K
}
Event: 18.093 GC heap before
{Heap before GC invocations=35 (full 0):
 garbage-first heap   total 250880K, used 197275K [0x0000000080000000, 0x0000000100000000)
  region size 1024K, 29 young (29696K), 4 survivors (4096K)
 Metaspace       used 92279K, capacity 94395K, committed 94720K, reserved 1130496K
  class space    used 11880K, capacity 12674K, committed 12800K, reserved 1048576K
}
Event: 18.111 GC heap after
{Heap after GC invocations=36 (full 0):
 garbage-first heap   total 250880K, used 179775K [0x0000000080000000, 0x0000000100000000)
  region size 1024K, 4 young (4096K), 4 survivors (4096K)
 Metaspace       used 92279K, capacity 94395K, committed 94720K, reserved 1130496K
  class space    used 11880K, capacity 12674K, committed 12800K, reserved 1048576K
}
Event: 18.236 GC heap before
{Heap before GC invocations=37 (full 0):
 garbage-first heap   total 250880K, used 201279K [0x0000000080000000, 0x0000000100000000)
  region size 1024K, 26 young (26624K), 4 survivors (4096K)
 Metaspace       used 92281K, capacity 94395K, committed 94720K, reserved 1130496K
  class space    used 11880K, capacity 12674K, committed 12800K, reserved 1048576K
}
Event: 18.252 GC heap after
{Heap after GC invocations=38 (full 0):
 garbage-first heap   total 250880K, used 187290K [0x0000000080000000, 0x0000000100000000)
  region size 1024K, 4 young (4096K), 4 survivors (4096K)
 Metaspace       used 92281K, capacity 94395K, committed 94720K, reserved 1130496K
  class space    used 11880K, capacity 12674K, committed 12800K, reserved 1048576K
}
Event: 18.288 GC heap before
{Heap before GC invocations=38 (full 0):
 garbage-first heap   total 250880K, used 197530K [0x0000000080000000, 0x0000000100000000)
  region size 1024K, 12 young (12288K), 4 survivors (4096K)
 Metaspace       used 92282K, capacity 94395K, committed 94720K, reserved 1130496K
  class space    used 11880K, capacity 12674K, committed 12800K, reserved 1048576K
}
Event: 18.308 GC heap after
{Heap after GC invocations=39 (full 0):
 garbage-first heap   total 460800K, used 191220K [0x0000000080000000, 0x0000000100000000)
  region size 1024K, 2 young (2048K), 2 survivors (2048K)
 Metaspace       used 92282K, capacity 94395K, committed 94720K, reserved 1130496K
  class space    used 11880K, capacity 12674K, committed 12800K, reserved 1048576K
}
Event: 18.745 GC heap before
{Heap before GC invocations=39 (full 0):
 garbage-first heap   total 460800K, used 274164K [0x0000000080000000, 0x0000000100000000)
  region size 1024K, 81 young (82944K), 2 survivors (2048K)
 Metaspace       used 94255K, capacity 96498K, committed 96640K, reserved 1132544K
  class space    used 12244K, capacity 13057K, committed 13184K, reserved 1048576K
}
Event: 18.798 GC heap after
{Heap after GC invocations=40 (full 0):
 garbage-first heap   total 460800K, used 225970K [0x0000000080000000, 0x0000000100000000)
  region size 1024K, 11 young (11264K), 11 survivors (11264K)
 Metaspace       used 94255K, capacity 96498K, committed 96640K, reserved 1132544K
  class space    used 12244K, capacity 13057K, committed 13184K, reserved 1048576K
}
Event: 19.068 GC heap before
{Heap before GC invocations=40 (full 0):
 garbage-first heap   total 460800K, used 298674K [0x0000000080000000, 0x0000000100000000)
  region size 1024K, 83 young (84992K), 11 survivors (11264K)
 Metaspace       used 94287K, capacity 96565K, committed 96896K, reserved 1132544K
  class space    used 12244K, capacity 13057K, committed 13184K, reserved 1048576K
}
Event: 19.122 GC heap after
{Heap after GC invocations=41 (full 0):
 garbage-first heap   total 460800K, used 265044K [0x0000000080000000, 0x0000000100000000)
  region size 1024K, 11 young (11264K), 11 survivors (11264K)
 Metaspace       used 94287K, capacity 96565K, committed 96896K, reserved 1132544K
  class space    used 12244K, capacity 13057K, committed 13184K, reserved 1048576K
}
Event: 19.401 GC heap before
{Heap before GC invocations=41 (full 0):
 garbage-first heap   total 460800K, used 325460K [0x0000000080000000, 0x0000000100000000)
  region size 1024K, 71 young (72704K), 11 survivors (11264K)
 Metaspace       used 94351K, capacity 96566K, committed 96896K, reserved 1132544K
  class space    used 12244K, capacity 13057K, committed 13184K, reserved 1048576K
}
Event: 19.444 GC heap after
{Heap after GC invocations=42 (full 0):
 garbage-first heap   total 460800K, used 299519K [0x0000000080000000, 0x0000000100000000)
  region size 1024K, 9 young (9216K), 9 survivors (9216K)
 Metaspace       used 94351K, capacity 96566K, committed 96896K, reserved 1132544K
  class space    used 12244K, capacity 13057K, committed 13184K, reserved 1048576K
}
Event: 19.734 GC heap before
{Heap before GC invocations=42 (full 0):
 garbage-first heap   total 460800K, used 344575K [0x0000000080000000, 0x0000000100000000)
  region size 1024K, 56 young (57344K), 9 survivors (9216K)
 Metaspace       used 94686K, capacity 96887K, committed 97152K, reserved 1132544K
  class space    used 12301K, capacity 13100K, committed 13184K, reserved 1048576K
}

