# JRE version: OpenJDK Runtime Environment (11.0.8+10) (build 11.0.8+10-b944.6842174)
# Java VM: OpenJDK 64-Bit Server VM (11.0.8+10-b944.6842174, mixed mode, tiered, compressed oops, g1 gc, windows-amd64)
Heap:
 garbage-first heap   total 1009664K, used 325120K [0x0000000080000000, 0x0000000100000000)
  region size 1024K, 6 young (6144K), 6 survivors (6144K)
 Metaspace       used 123885K, capacity 126987K, committed 127180K, reserved 1159168K
  class space    used 15361K, capacity 16459K, committed 16588K, reserved 1048576K
GC Heap History (20 events):
Event: 51.994 GC heap after
{Heap after GC invocations=77 (full 0):
 garbage-first heap   total 226304K, used 190195K [0x0000000080000000, 0x0000000100000000)
  region size 1024K, 4 young (4096K), 4 survivors (4096K)
 Metaspace       used 121166K, capacity 124208K, committed 124364K, reserved 1157120K
  class space    used 14915K, capacity 15960K, committed 16076K, reserved 1048576K
}
Event: 52.234 GC heap before
{Heap before GC invocations=77 (full 0):
 garbage-first heap   total 226304K, used 196339K [0x0000000080000000, 0x0000000100000000)
  region size 1024K, 11 young (11264K), 4 survivors (4096K)
 Metaspace       used 121348K, capacity 124404K, committed 124620K, reserved 1157120K
  class space    used 14933K, capacity 15982K, committed 16076K, reserved 1048576K
}
Event: 52.237 GC heap after
{Heap after GC invocations=78 (full 0):
 garbage-first heap   total 226304K, used 192268K [0x0000000080000000, 0x0000000100000000)
  region size 1024K, 2 young (2048K), 2 survivors (2048K)
 Metaspace       used 121348K, capacity 124404K, committed 124620K, reserved 1157120K
  class space    used 14933K, capacity 15982K, committed 16076K, reserved 1048576K
}
Event: 52.274 GC heap before
{Heap before GC invocations=79 (full 0):
 garbage-first heap   total 226304K, used 201484K [0x0000000080000000, 0x0000000100000000)
  region size 1024K, 11 young (11264K), 2 survivors (2048K)
 Metaspace       used 121349K, capacity 124404K, committed 124620K, reserved 1157120K
  class space    used 14933K, capacity 15982K, committed 16076K, reserved 1048576K
}
Event: 52.281 GC heap after
{Heap after GC invocations=80 (full 0):
 garbage-first heap   total 272384K, used 195459K [0x0000000080000000, 0x0000000100000000)
  region size 1024K, 2 young (2048K), 2 survivors (2048K)
 Metaspace       used 121349K, capacity 124404K, committed 124620K, reserved 1157120K
  class space    used 14933K, capacity 15982K, committed 16076K, reserved 1048576K
}
Event: 52.345 GC heap before
{Heap before GC invocations=80 (full 0):
 garbage-first heap   total 272384K, used 205699K [0x0000000080000000, 0x0000000100000000)
  region size 1024K, 13 young (13312K), 2 survivors (2048K)
 Metaspace       used 121349K, capacity 124404K, committed 124620K, reserved 1157120K
  class space    used 14933K, capacity 15982K, committed 16076K, reserved 1048576K
}
Event: 52.358 GC heap after
{Heap after GC invocations=81 (full 0):
 garbage-first heap   total 272384K, used 194967K [0x0000000080000000, 0x0000000100000000)
  region size 1024K, 2 young (2048K), 2 survivors (2048K)
 Metaspace       used 121349K, capacity 124404K, committed 124620K, reserved 1157120K
  class space    used 14933K, capacity 15982K, committed 16076K, reserved 1048576K
}
Event: 52.492 GC heap before
{Heap before GC invocations=81 (full 0):
 garbage-first heap   total 272384K, used 218519K [0x0000000080000000, 0x0000000100000000)
  region size 1024K, 24 young (24576K), 2 survivors (2048K)
 Metaspace       used 121352K, capacity 124404K, committed 124620K, reserved 1157120K
  class space    used 14933K, capacity 15982K, committed 16076K, reserved 1048576K
}
Event: 52.507 GC heap after
{Heap after GC invocations=82 (full 0):
 garbage-first heap   total 272384K, used 205418K [0x0000000080000000, 0x0000000100000000)
  region size 1024K, 3 young (3072K), 3 survivors (3072K)
 Metaspace       used 121352K, capacity 124404K, committed 124620K, reserved 1157120K
  class space    used 14933K, capacity 15982K, committed 16076K, reserved 1048576K
}
Event: 52.577 GC heap before
{Heap before GC invocations=82 (full 0):
 garbage-first heap   total 272384K, used 222826K [0x0000000080000000, 0x0000000100000000)
  region size 1024K, 21 young (21504K), 3 survivors (3072K)
 Metaspace       used 121353K, capacity 124404K, committed 124620K, reserved 1157120K
  class space    used 14933K, capacity 15982K, committed 16076K, reserved 1048576K
}
Event: 52.589 GC heap after
{Heap after GC invocations=83 (full 0):
 garbage-first heap   total 272384K, used 212295K [0x0000000080000000, 0x0000000100000000)
  region size 1024K, 3 young (3072K), 3 survivors (3072K)
 Metaspace       used 121353K, capacity 124404K, committed 124620K, reserved 1157120K
  class space    used 14933K, capacity 15982K, committed 16076K, reserved 1048576K
}
Event: 52.635 GC heap before
{Heap before GC invocations=83 (full 0):
 garbage-first heap   total 272384K, used 227655K [0x0000000080000000, 0x0000000100000000)
  region size 1024K, 18 young (18432K), 3 survivors (3072K)
 Metaspace       used 121365K, capacity 124404K, committed 124620K, reserved 1157120K
  class space    used 14933K, capacity 15982K, committed 16076K, reserved 1048576K
}
Event: 52.655 GC heap after
{Heap after GC invocations=84 (full 0):
 garbage-first heap   total 442368K, used 216963K [0x0000000080000000, 0x0000000100000000)
  region size 1024K, 3 young (3072K), 3 survivors (3072K)
 Metaspace       used 121365K, capacity 124404K, committed 124620K, reserved 1157120K
  class space    used 14933K, capacity 15982K, committed 16076K, reserved 1048576K
}
Event: 53.876 GC heap before
{Heap before GC invocations=85 (full 0):
 garbage-first heap   total 442368K, used 285571K [0x0000000080000000, 0x0000000100000000)
  region size 1024K, 67 young (68608K), 3 survivors (3072K)
 Metaspace       used 123629K, capacity 126737K, committed 126796K, reserved 1159168K
  class space    used 15351K, capacity 16424K, committed 16460K, reserved 1048576K
}
Event: 53.964 GC heap after
{Heap after GC invocations=86 (full 0):
 garbage-first heap   total 442368K, used 242259K [0x0000000080000000, 0x0000000100000000)
  region size 1024K, 9 young (9216K), 9 survivors (9216K)
 Metaspace       used 123629K, capacity 126737K, committed 126796K, reserved 1159168K
  class space    used 15351K, capacity 16424K, committed 16460K, reserved 1048576K
}
Event: 54.209 GC heap before
{Heap before GC invocations=86 (full 0):
 garbage-first heap   total 442368K, used 303699K [0x0000000080000000, 0x0000000100000000)
  region size 1024K, 69 young (70656K), 9 survivors (9216K)
 Metaspace       used 123780K, capacity 126882K, committed 127052K, reserved 1159168K
  class space    used 15351K, capacity 16424K, committed 16460K, reserved 1048576K
}
Event: 54.328 GC heap after
{Heap after GC invocations=87 (full 0):
 garbage-first heap   total 442368K, used 275456K [0x0000000080000000, 0x0000000100000000)
  region size 1024K, 9 young (9216K), 9 survivors (9216K)
 Metaspace       used 123780K, capacity 126882K, committed 127052K, reserved 1159168K
  class space    used 15351K, capacity 16424K, committed 16460K, reserved 1048576K
}
Event: 54.487 GC heap before
{Heap before GC invocations=87 (full 0):
 garbage-first heap   total 442368K, used 324608K [0x0000000080000000, 0x0000000100000000)
  region size 1024K, 58 young (59392K), 9 survivors (9216K)
 Metaspace       used 123829K, capacity 126978K, committed 127180K, reserved 1159168K
  class space    used 15354K, capacity 16456K, committed 16588K, reserved 1048576K
}
Event: 54.522 GC heap after
{Heap after GC invocations=88 (full 0):
 garbage-first heap   total 442368K, used 304128K [0x0000000080000000, 0x0000000100000000)
  region size 1024K, 8 young (8192K), 8 survivors (8192K)
 Metaspace       used 123829K, capacity 126978K, committed 127180K, reserved 1159168K
  class space    used 15354K, capacity 16456K, committed 16588K, reserved 1048576K
}
Event: 54.680 GC heap before
{Heap before GC invocations=88 (full 0):
 garbage-first heap   total 442368K, used 343040K [0x0000000080000000, 0x0000000100000000)
  region size 1024K, 46 young (47104K), 8 survivors (8192K)
 Metaspace       used 123885K, capacity 126987K, committed 127180K, reserved 1159168K
  class space    used 15361K, capacity 16459K, committed 16588K, reserved 1048576K
}

