# JRE version: OpenJDK Runtime Environment (11.0.8+10) (build 11.0.8+10-b944.6842174)
# Java VM: OpenJDK 64-Bit Server VM (11.0.8+10-b944.6842174, mixed mode, tiered, compressed oops, g1 gc, windows-amd64)
Heap:
 garbage-first heap   total 225280K, used 156880K [0x0000000080000000, 0x0000000100000000)
  region size 1024K, 51 young (52224K), 9 survivors (9216K)
 Metaspace       used 104460K, capacity 107235K, committed 107468K, reserved 1142784K
  class space    used 13249K, capacity 14209K, committed 14284K, reserved 1048576K
GC Heap History (20 events):
Event: 8.861 GC heap before
{Heap before GC invocations=18 (full 0):
 garbage-first heap   total 155648K, used 120801K [0x0000000080000000, 0x0000000100000000)
  region size 1024K, 47 young (48128K), 3 survivors (3072K)
 Metaspace       used 67499K, capacity 69217K, committed 69324K, reserved 1110016K
  class space    used 8802K, capacity 9368K, committed 9420K, reserved 1048576K
}
Event: 8.868 GC heap after
{Heap after GC invocations=19 (full 0):
 garbage-first heap   total 187392K, used 79811K [0x0000000080000000, 0x0000000100000000)
  region size 1024K, 6 young (6144K), 6 survivors (6144K)
 Metaspace       used 67499K, capacity 69217K, committed 69324K, reserved 1110016K
  class space    used 8802K, capacity 9368K, committed 9420K, reserved 1048576K
}
Event: 9.633 GC heap before
{Heap before GC invocations=20 (full 0):
 garbage-first heap   total 187392K, used 135107K [0x0000000080000000, 0x0000000100000000)
  region size 1024K, 61 young (62464K), 6 survivors (6144K)
 Metaspace       used 72517K, capacity 74428K, committed 74572K, reserved 1114112K
  class space    used 9418K, capacity 10049K, committed 10060K, reserved 1048576K
}
Event: 9.643 GC heap after
{Heap after GC invocations=21 (full 0):
 garbage-first heap   total 187392K, used 83207K [0x0000000080000000, 0x0000000100000000)
  region size 1024K, 7 young (7168K), 7 survivors (7168K)
 Metaspace       used 72517K, capacity 74428K, committed 74572K, reserved 1114112K
  class space    used 9418K, capacity 10049K, committed 10060K, reserved 1048576K
}
Event: 10.265 GC heap before
{Heap before GC invocations=21 (full 0):
 garbage-first heap   total 187392K, used 139527K [0x0000000080000000, 0x0000000100000000)
  region size 1024K, 62 young (63488K), 7 survivors (7168K)
 Metaspace       used 75763K, capacity 77768K, committed 78028K, reserved 1116160K
  class space    used 9912K, capacity 10609K, committed 10700K, reserved 1048576K
}
Event: 10.274 GC heap after
{Heap after GC invocations=22 (full 0):
 garbage-first heap   total 187392K, used 87211K [0x0000000080000000, 0x0000000100000000)
  region size 1024K, 7 young (7168K), 7 survivors (7168K)
 Metaspace       used 75763K, capacity 77768K, committed 78028K, reserved 1116160K
  class space    used 9912K, capacity 10609K, committed 10700K, reserved 1048576K
}
Event: 11.027 GC heap before
{Heap before GC invocations=22 (full 0):
 garbage-first heap   total 187392K, used 143531K [0x0000000080000000, 0x0000000100000000)
  region size 1024K, 62 young (63488K), 7 survivors (7168K)
 Metaspace       used 81909K, capacity 83897K, committed 84172K, reserved 1122304K
  class space    used 10747K, capacity 11444K, committed 11468K, reserved 1048576K
}
Event: 11.040 GC heap after
{Heap after GC invocations=23 (full 0):
 garbage-first heap   total 187392K, used 90044K [0x0000000080000000, 0x0000000100000000)
  region size 1024K, 7 young (7168K), 7 survivors (7168K)
 Metaspace       used 81909K, capacity 83897K, committed 84172K, reserved 1122304K
  class space    used 10747K, capacity 11444K, committed 11468K, reserved 1048576K
}
Event: 11.931 GC heap before
{Heap before GC invocations=23 (full 0):
 garbage-first heap   total 187392K, used 146364K [0x0000000080000000, 0x0000000100000000)
  region size 1024K, 62 young (63488K), 7 survivors (7168K)
 Metaspace       used 88677K, capacity 90789K, committed 91084K, reserved 1128448K
  class space    used 11590K, capacity 12366K, committed 12492K, reserved 1048576K
}
Event: 11.941 GC heap after
{Heap after GC invocations=24 (full 0):
 garbage-first heap   total 187392K, used 95219K [0x0000000080000000, 0x0000000100000000)
  region size 1024K, 8 young (8192K), 8 survivors (8192K)
 Metaspace       used 88677K, capacity 90789K, committed 91084K, reserved 1128448K
  class space    used 11590K, capacity 12366K, committed 12492K, reserved 1048576K
}
Event: 51.640 GC heap before
{Heap before GC invocations=24 (full 0):
 garbage-first heap   total 187392K, used 148467K [0x0000000080000000, 0x0000000100000000)
  region size 1024K, 61 young (62464K), 8 survivors (8192K)
 Metaspace       used 93947K, capacity 96418K, committed 96716K, reserved 1132544K
  class space    used 12276K, capacity 13198K, committed 13260K, reserved 1048576K
}
Event: 51.664 GC heap after
{Heap after GC invocations=25 (full 0):
 garbage-first heap   total 225280K, used 99747K [0x0000000080000000, 0x0000000100000000)
  region size 1024K, 6 young (6144K), 6 survivors (6144K)
 Metaspace       used 93947K, capacity 96418K, committed 96716K, reserved 1132544K
  class space    used 12276K, capacity 13198K, committed 13260K, reserved 1048576K
}
Event: 52.458 GC heap before
{Heap before GC invocations=26 (full 0):
 garbage-first heap   total 225280K, used 168355K [0x0000000080000000, 0x0000000100000000)
  region size 1024K, 74 young (75776K), 6 survivors (6144K)
 Metaspace       used 94299K, capacity 96730K, committed 96972K, reserved 1132544K
  class space    used 12274K, capacity 13189K, committed 13260K, reserved 1048576K
}
Event: 52.469 GC heap after
{Heap after GC invocations=27 (full 0):
 garbage-first heap   total 225280K, used 104174K [0x0000000080000000, 0x0000000100000000)
  region size 1024K, 10 young (10240K), 10 survivors (10240K)
 Metaspace       used 94299K, capacity 96730K, committed 96972K, reserved 1132544K
  class space    used 12274K, capacity 13189K, committed 13260K, reserved 1048576K
}
Event: 53.267 GC heap before
{Heap before GC invocations=27 (full 0):
 garbage-first heap   total 225280K, used 172782K [0x0000000080000000, 0x0000000100000000)
  region size 1024K, 78 young (79872K), 10 survivors (10240K)
 Metaspace       used 94841K, capacity 97373K, committed 97484K, reserved 1134592K
  class space    used 12322K, capacity 13239K, committed 13260K, reserved 1048576K
}
Event: 53.278 GC heap after
{Heap after GC invocations=28 (full 0):
 garbage-first heap   total 225280K, used 107136K [0x0000000080000000, 0x0000000100000000)
  region size 1024K, 6 young (6144K), 6 survivors (6144K)
 Metaspace       used 94841K, capacity 97373K, committed 97484K, reserved 1134592K
  class space    used 12322K, capacity 13239K, committed 13260K, reserved 1048576K
}
Event: 61.123 GC heap before
{Heap before GC invocations=28 (full 0):
 garbage-first heap   total 225280K, used 176768K [0x0000000080000000, 0x0000000100000000)
  region size 1024K, 74 young (75776K), 6 survivors (6144K)
 Metaspace       used 98748K, capacity 101532K, committed 101708K, reserved 1136640K
  class space    used 12840K, capacity 13801K, committed 13900K, reserved 1048576K
}
Event: 61.133 GC heap after
{Heap after GC invocations=29 (full 0):
 garbage-first heap   total 225280K, used 110558K [0x0000000080000000, 0x0000000100000000)
  region size 1024K, 9 young (9216K), 9 survivors (9216K)
 Metaspace       used 98748K, capacity 101532K, committed 101708K, reserved 1136640K
  class space    used 12840K, capacity 13801K, committed 13900K, reserved 1048576K
}
Event: 87.744 GC heap before
{Heap before GC invocations=30 (full 0):
 garbage-first heap   total 225280K, used 180190K [0x0000000080000000, 0x0000000100000000)
  region size 1024K, 77 young (78848K), 9 survivors (9216K)
 Metaspace       used 102971K, capacity 105618K, committed 106060K, reserved 1140736K
  class space    used 13059K, capacity 13968K, committed 14156K, reserved 1048576K
}
Event: 87.763 GC heap after
{Heap after GC invocations=31 (full 0):
 garbage-first heap   total 225280K, used 114896K [0x0000000080000000, 0x0000000100000000)
  region size 1024K, 9 young (9216K), 9 survivors (9216K)
 Metaspace       used 102971K, capacity 105618K, committed 106060K, reserved 1140736K
  class space    used 13059K, capacity 13968K, committed 14156K, reserved 1048576K
}

