# JRE version: OpenJDK Runtime Environment (11.0.8+10) (build 11.0.8+10-b944.6842174)
# Java VM: OpenJDK 64-Bit Server VM (11.0.8+10-b944.6842174, mixed mode, tiered, compressed oops, g1 gc, windows-amd64)
Heap:
 garbage-first heap   total 187392K, used 118277K [0x0000000080000000, 0x0000000100000000)
  region size 1024K, 31 young (31744K), 7 survivors (7168K)
 Metaspace       used 91869K, capacity 94251K, committed 94464K, reserved 1130496K
  class space    used 11965K, capacity 12794K, committed 12876K, reserved 1048576K
GC Heap History (20 events):
Event: 9.841 GC heap before
{Heap before GC invocations=19 (full 0):
 garbage-first heap   total 129024K, used 98581K [0x0000000080000000, 0x0000000100000000)
  region size 1024K, 31 young (31744K), 4 survivors (4096K)
 Metaspace       used 62999K, capacity 64756K, committed 64896K, reserved 1105920K
  class space    used 8029K, capacity 8608K, committed 8652K, reserved 1048576K
}
Event: 9.848 GC heap after
{Heap after GC invocations=20 (full 0):
 garbage-first heap   total 129024K, used 73167K [0x0000000080000000, 0x0000000100000000)
  region size 1024K, 3 young (3072K), 3 survivors (3072K)
 Metaspace       used 62999K, capacity 64756K, committed 64896K, reserved 1105920K
  class space    used 8029K, capacity 8608K, committed 8652K, reserved 1048576K
}
Event: 10.385 GC heap before
{Heap before GC invocations=21 (full 0):
 garbage-first heap   total 129024K, used 100815K [0x0000000080000000, 0x0000000100000000)
  region size 1024K, 30 young (30720K), 3 survivors (3072K)
 Metaspace       used 66351K, capacity 68031K, committed 68352K, reserved 1107968K
  class space    used 8621K, capacity 9206K, committed 9292K, reserved 1048576K
}
Event: 10.392 GC heap after
{Heap after GC invocations=22 (full 0):
 garbage-first heap   total 129024K, used 74579K [0x0000000080000000, 0x0000000100000000)
  region size 1024K, 4 young (4096K), 4 survivors (4096K)
 Metaspace       used 66351K, capacity 68031K, committed 68352K, reserved 1107968K
  class space    used 8621K, capacity 9206K, committed 9292K, reserved 1048576K
}
Event: 10.632 GC heap before
{Heap before GC invocations=22 (full 0):
 garbage-first heap   total 129024K, used 102227K [0x0000000080000000, 0x0000000100000000)
  region size 1024K, 31 young (31744K), 4 survivors (4096K)
 Metaspace       used 66806K, capacity 68629K, committed 68992K, reserved 1110016K
  class space    used 8691K, capacity 9297K, committed 9420K, reserved 1048576K
}
Event: 10.641 GC heap after
{Heap after GC invocations=23 (full 0):
 garbage-first heap   total 129024K, used 77070K [0x0000000080000000, 0x0000000100000000)
  region size 1024K, 4 young (4096K), 4 survivors (4096K)
 Metaspace       used 66806K, capacity 68629K, committed 68992K, reserved 1110016K
  class space    used 8691K, capacity 9297K, committed 9420K, reserved 1048576K
}
Event: 11.193 GC heap before
{Heap before GC invocations=24 (full 0):
 garbage-first heap   total 129024K, used 104718K [0x0000000080000000, 0x0000000100000000)
  region size 1024K, 31 young (31744K), 4 survivors (4096K)
 Metaspace       used 69083K, capacity 70888K, committed 71040K, reserved 1110016K
  class space    used 9027K, capacity 9624K, committed 9676K, reserved 1048576K
}
Event: 11.199 GC heap after
{Heap after GC invocations=25 (full 0):
 garbage-first heap   total 155648K, used 78834K [0x0000000080000000, 0x0000000100000000)
  region size 1024K, 2 young (2048K), 2 survivors (2048K)
 Metaspace       used 69083K, capacity 70888K, committed 71040K, reserved 1110016K
  class space    used 9027K, capacity 9624K, committed 9676K, reserved 1048576K
}
Event: 11.913 GC heap before
{Heap before GC invocations=25 (full 0):
 garbage-first heap   total 155648K, used 115698K [0x0000000080000000, 0x0000000100000000)
  region size 1024K, 38 young (38912K), 2 survivors (2048K)
 Metaspace       used 72375K, capacity 74247K, committed 74496K, reserved 1114112K
  class space    used 9384K, capacity 10012K, committed 10060K, reserved 1048576K
}
Event: 11.918 GC heap after
{Heap after GC invocations=26 (full 0):
 garbage-first heap   total 155648K, used 80963K [0x0000000080000000, 0x0000000100000000)
  region size 1024K, 4 young (4096K), 4 survivors (4096K)
 Metaspace       used 72375K, capacity 74247K, committed 74496K, reserved 1114112K
  class space    used 9384K, capacity 10012K, committed 10060K, reserved 1048576K
}
Event: 12.380 GC heap before
{Heap before GC invocations=27 (full 0):
 garbage-first heap   total 155648K, used 117827K [0x0000000080000000, 0x0000000100000000)
  region size 1024K, 40 young (40960K), 4 survivors (4096K)
 Metaspace       used 74425K, capacity 76455K, committed 76672K, reserved 1116160K
  class space    used 9713K, capacity 10389K, committed 10444K, reserved 1048576K
}
Event: 12.388 GC heap after
{Heap after GC invocations=28 (full 0):
 garbage-first heap   total 155648K, used 83247K [0x0000000080000000, 0x0000000100000000)
  region size 1024K, 5 young (5120K), 5 survivors (5120K)
 Metaspace       used 74425K, capacity 76455K, committed 76672K, reserved 1116160K
  class space    used 9713K, capacity 10389K, committed 10444K, reserved 1048576K
}
Event: 12.945 GC heap before
{Heap before GC invocations=28 (full 0):
 garbage-first heap   total 155648K, used 120111K [0x0000000080000000, 0x0000000100000000)
  region size 1024K, 41 young (41984K), 5 survivors (5120K)
 Metaspace       used 76785K, capacity 78751K, committed 78848K, reserved 1118208K
  class space    used 10046K, capacity 10740K, committed 10828K, reserved 1048576K
}
Event: 12.957 GC heap after
{Heap after GC invocations=29 (full 0):
 garbage-first heap   total 155648K, used 85925K [0x0000000080000000, 0x0000000100000000)
  region size 1024K, 5 young (5120K), 5 survivors (5120K)
 Metaspace       used 76785K, capacity 78751K, committed 78848K, reserved 1118208K
  class space    used 10046K, capacity 10740K, committed 10828K, reserved 1048576K
}
Event: 13.691 GC heap before
{Heap before GC invocations=30 (full 0):
 garbage-first heap   total 155648K, used 122789K [0x0000000080000000, 0x0000000100000000)
  region size 1024K, 41 young (41984K), 5 survivors (5120K)
 Metaspace       used 81460K, capacity 83526K, committed 83840K, reserved 1122304K
  class space    used 10691K, capacity 11382K, committed 11468K, reserved 1048576K
}
Event: 13.697 GC heap after
{Heap after GC invocations=31 (full 0):
 garbage-first heap   total 155648K, used 87435K [0x0000000080000000, 0x0000000100000000)
  region size 1024K, 5 young (5120K), 5 survivors (5120K)
 Metaspace       used 81460K, capacity 83526K, committed 83840K, reserved 1122304K
  class space    used 10691K, capacity 11382K, committed 11468K, reserved 1048576K
}
Event: 14.424 GC heap before
{Heap before GC invocations=31 (full 0):
 garbage-first heap   total 155648K, used 124299K [0x0000000080000000, 0x0000000100000000)
  region size 1024K, 41 young (41984K), 5 survivors (5120K)
 Metaspace       used 86066K, capacity 88164K, committed 88320K, reserved 1126400K
  class space    used 11222K, capacity 11979K, committed 12108K, reserved 1048576K
}
Event: 14.434 GC heap after
{Heap after GC invocations=32 (full 0):
 garbage-first heap   total 187392K, used 90973K [0x0000000080000000, 0x0000000100000000)
  region size 1024K, 5 young (5120K), 5 survivors (5120K)
 Metaspace       used 86066K, capacity 88164K, committed 88320K, reserved 1126400K
  class space    used 11222K, capacity 11979K, committed 12108K, reserved 1048576K
}
Event: 19.685 GC heap before
{Heap before GC invocations=33 (full 0):
 garbage-first heap   total 187392K, used 140125K [0x0000000080000000, 0x0000000100000000)
  region size 1024K, 54 young (55296K), 5 survivors (5120K)
 Metaspace       used 91089K, capacity 93242K, committed 93440K, reserved 1130496K
  class space    used 11814K, capacity 12563K, committed 12620K, reserved 1048576K
}
Event: 19.695 GC heap after
{Heap after GC invocations=34 (full 0):
 garbage-first heap   total 187392K, used 94725K [0x0000000080000000, 0x0000000100000000)
  region size 1024K, 7 young (7168K), 7 survivors (7168K)
 Metaspace       used 91089K, capacity 93242K, committed 93440K, reserved 1130496K
  class space    used 11814K, capacity 12563K, committed 12620K, reserved 1048576K
}

